[2023-05-31 09:09:54,425][MainThread:36692][task_id:django.utils.autoreload][autoreload.py:668][INFO][Watching for file changes with StatReloader]
[2023-05-31 09:10:10,044][Thread-1:8920][task_id:TestAmazonCode.AmzonSelenium][AmzonSelenium.py:46][INFO][成功进入amazon主页]
[2023-05-31 09:10:18,917][Thread-1:8920][task_id:TestAmazonCode.AmzonSelenium][AmzonSelenium.py:58][INFO][成功登录]
[2023-05-31 09:11:20,542][Thread-1:8920][task_id:TestAmazonCode.AmzonSelenium][AmzonSelenium.py:264][ERROR][折扣码测试失败, 重新测试, 报错: Execution context was destroyed, most likely because of a navigation]
[2023-05-31 09:11:20,542][Thread-1:8920][task_id:TestAmazonCode.AmzonSelenium][AmzonSelenium.py:264][ERROR][折扣码测试失败, 重新测试, 报错: Execution context was destroyed, most likely because of a navigation]
[2023-05-31 09:12:16,457][Thread-1:8920][task_id:TestAmazonCode.AmzonSelenium][AmzonSelenium.py:164][INFO][https://www.amazon.com/dp/B0BMLNNB4L?ref=myi_title_dp开始验证折扣码]
[2023-05-31 09:12:19,169][Thread-1:8920][task_id:TestAmazonCode.AmzonSelenium][AmzonSelenium.py:164][INFO][https://www.amazon.com/dp/B09Y4BVZDC/ref=twister_B0B8X36SQ2?_encoding=UTF8&th=1开始验证折扣码]
[2023-05-31 09:12:22,951][Thread-1:8920][task_id:TestAmazonCode.AmzonSelenium][AmzonSelenium.py:164][INFO][https://www.amazon.com/dp/B091CTFLRK?ref=myi_title_dp&th=1开始验证折扣码]
[2023-05-31 09:13:11,140][Thread-1:8920][task_id:TestAmazonCode.AmzonSelenium][AmzonSelenium.py:164][INFO][https://www.amazon.com/TcIFE-Backpack-Handbags-Shoulder-Anti-theft/dp/B082HWCZPP/ref=sr_1_8?crid=PXRLHXMIWOBX&keywords=tcife&qid=1683770637&sprefix=tcife%2Caps%2C531&sr=8-8&th=1开始验证折扣码]
[2023-05-31 09:13:11,685][Thread-1:8920][task_id:TestAmazonCode.AmzonSelenium][AmzonSelenium.py:205][INFO][开始删除购物车每次执行任务的内容]
[2023-05-31 09:13:50,089][Thread-1:8920][task_id:TestAmazonCode.AmzonSelenium][AmzonSelenium.py:216][INFO][删除购物车失败Timeout 30000ms exceeded.
=========================== logs ===========================
waiting for locator(".sc-action-delete > .a-declarative > input").nth(4)
============================================================]
[2023-05-31 09:13:54,992][Thread-1:8920][task_id:TestAmazonCode.AmzonSelenium][AmzonSelenium.py:80][INFO][检测类型为社交类型]
[2023-05-31 09:13:55,042][Thread-1:8920][task_id:TestAmazonCode.AmzonSelenium][AmzonSelenium.py:80][INFO][检测类型为社交类型]
[2023-05-31 09:15:03,507][Thread-1:8920][task_id:TestAmazonCode.AmzonSelenium][AmzonSelenium.py:144][INFO][https://www.amazon.com/promocode/A2QK4202E8ZQ1F开始验证折扣码]
[2023-05-31 09:15:14,325][Thread-1:8920][task_id:TestAmazonCode.AmzonSelenium][AmzonSelenium.py:164][INFO][https://www.amazon.com/dp/B0BYS1ZRQ8?ref=myi_title_dp开始验证折扣码]
[2023-05-31 09:15:23,727][Thread-1:8920][task_id:TestAmazonCode.AmzonSelenium][AmzonSelenium.py:144][INFO][https://www.amazon.com/promocode/A1YR3WHK3DWMV8开始验证折扣码]
[2023-05-31 09:15:33,944][Thread-1:8920][task_id:TestAmazonCode.AmzonSelenium][AmzonSelenium.py:164][INFO][https://www.amazon.com/dp/B0BZVR744V?ref=myi_title_dp开始验证折扣码]
[2023-05-31 09:15:34,249][Thread-1:8920][task_id:TestAmazonCode.AmzonSelenium][AmzonSelenium.py:205][INFO][开始删除购物车每次执行任务的内容]
[2023-05-31 09:16:09,173][Thread-1:8920][task_id:TestAmazonCode.AmzonSelenium][AmzonSelenium.py:216][INFO][删除购物车失败Timeout 30000ms exceeded.
=========================== logs ===========================
waiting for locator(".sc-action-delete > .a-declarative > input").nth(4)
============================================================]
[2023-05-31 09:17:41,916][Thread-1:8920][task_id:TestAmazonCode.AmzonSelenium][AmzonSelenium.py:164][INFO][https://www.amazon.com/dp/B09T9F8PYG开始验证折扣码]
[2023-05-31 09:17:42,393][Thread-1:8920][task_id:TestAmazonCode.AmzonSelenium][AmzonSelenium.py:205][INFO][开始删除购物车每次执行任务的内容]
[2023-05-31 09:17:46,480][Thread-1:8920][task_id:TestAmazonCode.AmzonSelenium][AmzonSelenium.py:290][INFO][任务全部完成]
[2023-05-31 09:17:46,484][Thread-1:8920][task_id:TestAmazonCode.AmzonSelenium][AmzonSelenium.py:220][INFO][开始删除购物车所有内容]
[2023-05-31 09:17:48,487][Thread-1:8920][task_id:TestAmazonCode.AmzonSelenium][AmzonSelenium.py:226][INFO][购物车全部删除完毕]
[2023-05-31 09:36:51,177][MainThread:36692][task_id:django.utils.autoreload][autoreload.py:266][INFO][F:\AutoTestCode(1)\TestAmazonCode\AmzonSelenium.py changed, reloading.]
[2023-05-31 09:36:52,926][MainThread:37404][task_id:django.utils.autoreload][autoreload.py:668][INFO][Watching for file changes with StatReloader]
[2023-05-31 09:54:36,735][MainThread:37404][task_id:django.utils.autoreload][autoreload.py:266][INFO][F:\AutoTestCode(1)\TestAmazonCode\AmzonSelenium.py changed, reloading.]
[2023-05-31 09:54:37,590][MainThread:11244][task_id:django.utils.autoreload][autoreload.py:668][INFO][Watching for file changes with StatReloader]
[2023-05-31 09:57:56,961][Thread-1:33248][task_id:TestAmazonCode.AmzonSelenium][AmzonSelenium.py:46][INFO][成功进入amazon主页]
[2023-05-31 09:58:07,374][Thread-1:33248][task_id:TestAmazonCode.AmzonSelenium][AmzonSelenium.py:58][INFO][成功登录]
[2023-05-31 10:00:10,533][Thread-1:33248][task_id:TestAmazonCode.AmzonSelenium][AmzonSelenium.py:264][ERROR][折扣码测试失败, 重新测试, 报错: Timeout 30000ms exceeded.
=========================== logs ===========================
waiting for locator(".pmts-claim-code")
============================================================]
[2023-05-31 10:00:10,533][Thread-1:33248][task_id:TestAmazonCode.AmzonSelenium][AmzonSelenium.py:264][ERROR][折扣码测试失败, 重新测试, 报错: Timeout 30000ms exceeded.
=========================== logs ===========================
waiting for locator(".pmts-claim-code")
============================================================]
[2023-05-31 10:00:17,557][Thread-1:33248][task_id:TestAmazonCode.AmzonSelenium][AmzonSelenium.py:164][INFO][https://www.amazon.com/TcIFE-Backpack-Handbags-Shoulder-Anti-theft/dp/B082HWCZPP/ref=sr_1_8?crid=PXRLHXMIWOBX&keywords=tcife&qid=1683770637&sprefix=tcife%2Caps%2C531&sr=8-8&th=1开始验证折扣码]
[2023-05-31 10:00:18,648][Thread-1:33248][task_id:TestAmazonCode.AmzonSelenium][AmzonSelenium.py:264][ERROR][折扣码测试失败, 重新测试, 报错: Timeout 30000ms exceeded.
=========================== logs ===========================
waiting for locator(".pmts-claim-code")
============================================================]
[2023-05-31 10:00:18,648][Thread-1:33248][task_id:TestAmazonCode.AmzonSelenium][AmzonSelenium.py:264][ERROR][折扣码测试失败, 重新测试, 报错: Timeout 30000ms exceeded.
=========================== logs ===========================
waiting for locator(".pmts-claim-code")
============================================================]
[2023-05-31 10:00:25,906][Thread-1:33248][task_id:TestAmazonCode.AmzonSelenium][AmzonSelenium.py:164][INFO][https://www.amazon.com/dp/B091CTFLRK?ref=myi_title_dp&th=1开始验证折扣码]
[2023-05-31 10:01:27,530][Thread-1:33248][task_id:TestAmazonCode.AmzonSelenium][AmzonSelenium.py:164][INFO][https://www.amazon.com/dp/B0BMLNNB4L?ref=myi_title_dp开始验证折扣码]
[2023-05-31 10:02:01,968][Thread-1:33248][task_id:TestAmazonCode.AmzonSelenium][AmzonSelenium.py:164][INFO][https://www.amazon.com/dp/B09Y4BVZDC/ref=twister_B0B8X36SQ2?_encoding=UTF8&th=1开始验证折扣码]
[2023-05-31 10:02:02,514][Thread-1:33248][task_id:TestAmazonCode.AmzonSelenium][AmzonSelenium.py:205][INFO][开始删除购物车每次执行任务的内容]
[2023-05-31 10:02:39,473][Thread-1:33248][task_id:TestAmazonCode.AmzonSelenium][AmzonSelenium.py:216][INFO][删除购物车失败Timeout 30000ms exceeded.
=========================== logs ===========================
waiting for locator(".sc-action-delete > .a-declarative > input").nth(6)
============================================================]
[2023-05-31 10:02:42,225][Thread-1:33248][task_id:TestAmazonCode.AmzonSelenium][AmzonSelenium.py:80][INFO][检测类型为社交类型]
[2023-05-31 10:02:42,410][Thread-1:33248][task_id:TestAmazonCode.AmzonSelenium][AmzonSelenium.py:80][INFO][检测类型为社交类型]
[2023-05-31 10:04:24,488][Thread-1:33248][task_id:TestAmazonCode.AmzonSelenium][AmzonSelenium.py:144][INFO][https://www.amazon.com/promocode/A2QK4202E8ZQ1F开始验证折扣码]
[2023-05-31 10:04:32,264][Thread-1:33248][task_id:TestAmazonCode.AmzonSelenium][AmzonSelenium.py:144][INFO][https://www.amazon.com/promocode/A1YR3WHK3DWMV8开始验证折扣码]
[2023-05-31 10:04:33,118][Thread-1:33248][task_id:TestAmazonCode.AmzonSelenium][AmzonSelenium.py:264][ERROR][折扣码测试失败, 重新测试, 报错: Timeout 30000ms exceeded.
=========================== logs ===========================
waiting for locator(".pmts-claim-code")
============================================================]
[2023-05-31 10:04:33,118][Thread-1:33248][task_id:TestAmazonCode.AmzonSelenium][AmzonSelenium.py:264][ERROR][折扣码测试失败, 重新测试, 报错: Timeout 30000ms exceeded.
=========================== logs ===========================
waiting for locator(".pmts-claim-code")
============================================================]
[2023-05-31 10:04:40,665][Thread-1:33248][task_id:TestAmazonCode.AmzonSelenium][AmzonSelenium.py:264][ERROR][折扣码测试失败, 重新测试, 报错: Timeout 30000ms exceeded.
=========================== logs ===========================
waiting for locator(".pmts-claim-code")
============================================================]
[2023-05-31 10:04:40,665][Thread-1:33248][task_id:TestAmazonCode.AmzonSelenium][AmzonSelenium.py:264][ERROR][折扣码测试失败, 重新测试, 报错: Timeout 30000ms exceeded.
=========================== logs ===========================
waiting for locator(".pmts-claim-code")
============================================================]
[2023-05-31 10:05:42,198][Thread-1:33248][task_id:TestAmazonCode.AmzonSelenium][AmzonSelenium.py:164][INFO][https://www.amazon.com/dp/B0BZVR744V?ref=myi_title_dp开始验证折扣码]
[2023-05-31 10:06:19,334][Thread-1:33248][task_id:TestAmazonCode.AmzonSelenium][AmzonSelenium.py:164][INFO][https://www.amazon.com/dp/B0BYS1ZRQ8?ref=myi_title_dp开始验证折扣码]
[2023-05-31 10:06:19,840][Thread-1:33248][task_id:TestAmazonCode.AmzonSelenium][AmzonSelenium.py:205][INFO][开始删除购物车每次执行任务的内容]
[2023-05-31 10:06:56,329][Thread-1:33248][task_id:TestAmazonCode.AmzonSelenium][AmzonSelenium.py:216][INFO][删除购物车失败Timeout 30000ms exceeded.
=========================== logs ===========================
waiting for locator(".sc-action-delete > .a-declarative > input").nth(5)
============================================================]
[2023-05-31 10:07:39,670][Thread-1:33248][task_id:TestAmazonCode.AmzonSelenium][AmzonSelenium.py:264][ERROR][折扣码测试失败, 重新测试, 报错: Error: strict mode violation: locator("#attach-accessory-pane  #attach-sidesheet-checkout-button") resolved to 2 elements:
    1) <span id="attach-sidesheet-checkout-button" class="a-b…>…</span> aka locator("#attach-sidesheet-checkout-button").first
    2) <span id="attach-sidesheet-checkout-button" class="a-b…>…</span> aka locator("#attach-sidesheet-checkout-button").nth(1)

=========================== logs ===========================
LocatorAssertions.to_be_visible with timeout 5000ms
waiting for locator("#attach-accessory-pane  #attach-sidesheet-checkout-button")
============================================================]
[2023-05-31 10:07:39,670][Thread-1:33248][task_id:TestAmazonCode.AmzonSelenium][AmzonSelenium.py:264][ERROR][折扣码测试失败, 重新测试, 报错: Error: strict mode violation: locator("#attach-accessory-pane  #attach-sidesheet-checkout-button") resolved to 2 elements:
    1) <span id="attach-sidesheet-checkout-button" class="a-b…>…</span> aka locator("#attach-sidesheet-checkout-button").first
    2) <span id="attach-sidesheet-checkout-button" class="a-b…>…</span> aka locator("#attach-sidesheet-checkout-button").nth(1)

=========================== logs ===========================
LocatorAssertions.to_be_visible with timeout 5000ms
waiting for locator("#attach-accessory-pane  #attach-sidesheet-checkout-button")
============================================================]
[2023-05-31 10:09:11,663][Thread-1:33248][task_id:TestAmazonCode.AmzonSelenium][AmzonSelenium.py:164][INFO][https://www.amazon.com/dp/B09T9F8PYG开始验证折扣码]
[2023-05-31 10:09:12,160][Thread-1:33248][task_id:TestAmazonCode.AmzonSelenium][AmzonSelenium.py:205][INFO][开始删除购物车每次执行任务的内容]
[2023-05-31 10:09:45,500][Thread-1:33248][task_id:TestAmazonCode.AmzonSelenium][AmzonSelenium.py:216][INFO][删除购物车失败Timeout 30000ms exceeded.
=========================== logs ===========================
waiting for locator(".sc-action-delete > .a-declarative > input").nth(2)
============================================================]
[2023-05-31 10:09:45,501][Thread-1:33248][task_id:TestAmazonCode.AmzonSelenium][AmzonSelenium.py:290][INFO][任务全部完成]
[2023-05-31 10:09:45,502][Thread-1:33248][task_id:TestAmazonCode.AmzonSelenium][AmzonSelenium.py:220][INFO][开始删除购物车所有内容]
[2023-05-31 11:17:46,419][Thread-1:33248][task_id:TestAmazonCode.AmzonSelenium][AmzonSelenium.py:46][INFO][成功进入amazon主页]
[2023-05-31 11:17:54,812][Thread-1:33248][task_id:TestAmazonCode.AmzonSelenium][AmzonSelenium.py:58][INFO][成功登录]
[2023-05-31 11:17:55,612][Thread-1:33248][task_id:TestAmazonCode.AmzonSelenium][AmzonSelenium.py:205][INFO][开始删除购物车每次执行任务的内容]
[2023-05-31 11:17:59,063][Thread-1:33248][task_id:TestAmazonCode.AmzonSelenium][AmzonSelenium.py:205][INFO][开始删除购物车每次执行任务的内容]
[2023-05-31 11:18:01,664][Thread-1:33248][task_id:TestAmazonCode.AmzonSelenium][AmzonSelenium.py:205][INFO][开始删除购物车每次执行任务的内容]
[2023-05-31 11:18:03,387][Thread-1:33248][task_id:TestAmazonCode.AmzonSelenium][AmzonSelenium.py:290][INFO][任务全部完成]
[2023-05-31 11:18:03,388][Thread-1:33248][task_id:TestAmazonCode.AmzonSelenium][AmzonSelenium.py:220][INFO][开始删除购物车所有内容]
[2023-05-31 11:18:05,049][Thread-1:33248][task_id:TestAmazonCode.AmzonSelenium][AmzonSelenium.py:226][INFO][购物车全部删除完毕]
[2023-05-31 11:18:31,981][MainThread:11108][task_id:django.utils.autoreload][autoreload.py:668][INFO][Watching for file changes with StatReloader]
[2023-05-31 11:18:44,585][Thread-1:25264][task_id:TestAmazonCode.AmzonSelenium][AmzonSelenium.py:46][INFO][成功进入amazon主页]
[2023-05-31 11:18:51,290][Thread-1:25264][task_id:TestAmazonCode.AmzonSelenium][AmzonSelenium.py:58][INFO][成功登录]
[2023-05-31 11:18:57,140][Thread-1:25264][task_id:TestAmazonCode.AmzonSelenium][AmzonSelenium.py:46][INFO][成功进入amazon主页]
[2023-05-31 11:19:15,654][Thread-1:25264][task_id:TestAmazonCode.AmzonSelenium][AmzonSelenium.py:58][INFO][成功登录]
[2023-05-31 11:19:41,615][Thread-1:25264][task_id:TestAmazonCode.AmzonSelenium][AmzonSelenium.py:264][ERROR][折扣码测试失败, 重新测试, 报错: Execution context was destroyed, most likely because of a navigation]
[2023-05-31 11:19:41,615][Thread-1:25264][task_id:TestAmazonCode.AmzonSelenium][AmzonSelenium.py:264][ERROR][折扣码测试失败, 重新测试, 报错: Execution context was destroyed, most likely because of a navigation]
[2023-05-31 11:19:54,210][Thread-1:25264][task_id:TestAmazonCode.AmzonSelenium][AmzonSelenium.py:264][ERROR][折扣码测试失败, 重新测试, 报错: Locator expected to be enabled
Actual value: None 
Call log:
LocatorAssertions.to_be_enabled with timeout 30000ms
waiting for locator("#add-to-cart-button")]
[2023-05-31 11:19:54,210][Thread-1:25264][task_id:TestAmazonCode.AmzonSelenium][AmzonSelenium.py:264][ERROR][折扣码测试失败, 重新测试, 报错: Locator expected to be enabled
Actual value: None 
Call log:
LocatorAssertions.to_be_enabled with timeout 30000ms
waiting for locator("#add-to-cart-button")]
[2023-05-31 11:46:20,412][MainThread:38268][task_id:django.utils.autoreload][autoreload.py:668][INFO][Watching for file changes with StatReloader]
[2023-05-31 11:46:37,552][Thread-1:18492][task_id:TestAmazonCode.AmzonSelenium][AmzonSelenium.py:46][INFO][成功进入amazon主页]
[2023-05-31 11:46:51,430][Thread-1:18492][task_id:TestAmazonCode.AmzonSelenium][AmzonSelenium.py:58][INFO][成功登录]
[2023-05-31 14:56:59,270][MainThread:24772][task_id:django.utils.autoreload][autoreload.py:668][INFO][Watching for file changes with StatReloader]
[2023-05-31 14:57:11,517][Thread-1:37768][task_id:TestAmazonCode.AmzonSelenium][AmzonSelenium.py:46][INFO][成功进入amazon主页]
[2023-05-31 14:57:20,314][Thread-1:37768][task_id:TestAmazonCode.AmzonSelenium][AmzonSelenium.py:58][INFO][成功登录]
[2023-05-31 14:58:15,069][Thread-1:37768][task_id:TestAmazonCode.AmzonSelenium][AmzonSelenium.py:264][ERROR][折扣码测试失败, 重新测试, 报错: Execution context was destroyed, most likely because of a navigation]
[2023-05-31 14:58:15,069][Thread-1:37768][task_id:TestAmazonCode.AmzonSelenium][AmzonSelenium.py:264][ERROR][折扣码测试失败, 重新测试, 报错: Execution context was destroyed, most likely because of a navigation]
[2023-05-31 14:58:15,434][Thread-1:37768][task_id:TestAmazonCode.AmzonSelenium][AmzonSelenium.py:264][ERROR][折扣码测试失败, 重新测试, 报错: Execution context was destroyed, most likely because of a navigation]
[2023-05-31 14:58:15,434][Thread-1:37768][task_id:TestAmazonCode.AmzonSelenium][AmzonSelenium.py:264][ERROR][折扣码测试失败, 重新测试, 报错: Execution context was destroyed, most likely because of a navigation]
[2023-05-31 14:58:35,536][Thread-1:37768][task_id:TestAmazonCode.AmzonSelenium][AmzonSelenium.py:193][INFO][https://www.amazon.com/dp/B0BMLNNB4L?ref=myi_title_dp开始验证折扣码]
[2023-05-31 14:59:03,819][Thread-1:37768][task_id:TestAmazonCode.AmzonSelenium][AmzonSelenium.py:193][INFO][https://www.amazon.com/dp/B09Y4BVZDC/ref=twister_B0B8X36SQ2?_encoding=UTF8&th=1开始验证折扣码]
[2023-05-31 14:59:45,337][MainThread:32052][task_id:django.utils.autoreload][autoreload.py:668][INFO][Watching for file changes with StatReloader]
[2023-05-31 16:30:49,734][MainThread:32052][task_id:django.utils.autoreload][autoreload.py:266][INFO][F:\AutoTestCode(1)\untils\common.py changed, reloading.]
[2023-05-31 16:30:50,818][MainThread:10388][task_id:django.utils.autoreload][autoreload.py:668][INFO][Watching for file changes with StatReloader]
[2023-05-31 16:33:31,159][MainThread:10388][task_id:django.utils.autoreload][autoreload.py:266][INFO][F:\AutoTestCode(1)\untils\common.py changed, reloading.]
[2023-05-31 16:33:32,191][MainThread:27192][task_id:django.utils.autoreload][autoreload.py:668][INFO][Watching for file changes with StatReloader]
[2023-05-31 16:35:17,995][MainThread:27192][task_id:django.utils.autoreload][autoreload.py:266][INFO][F:\AutoTestCode(1)\untils\common.py changed, reloading.]
[2023-05-31 16:35:19,228][MainThread:28724][task_id:django.utils.autoreload][autoreload.py:668][INFO][Watching for file changes with StatReloader]
[2023-05-31 16:39:41,940][MainThread:28724][task_id:django.utils.autoreload][autoreload.py:266][INFO][F:\AutoTestCode(1)\untils\common.py changed, reloading.]
[2023-05-31 16:39:43,130][MainThread:36592][task_id:django.utils.autoreload][autoreload.py:668][INFO][Watching for file changes with StatReloader]
